#
# There is insufficient memory for the Java Runtime Environment to continue.
# Native memory allocation (mmap) failed to map 123731968 bytes for Failed to commit area from 0x000000008a200000 to 0x0000000091800000 of length 123731968.
# Possible reasons:
#   The system is out of physical RAM or swap space
#   The process is running with CompressedOops enabled, and the Java Heap may be blocking the growth of the native heap
# Possible solutions:
#   Reduce memory load on the system
#   Increase physical memory or swap space
#   Check if swap backing store is full
#   Decrease Java heap size (-Xmx/-Xms)
#   Decrease number of Java threads
#   Decrease Java thread stack sizes (-Xss)
#   Set larger code cache with -XX:ReservedCodeCacheSize=
# This output file may be truncated or incomplete.
#
#  Out of Memory Error (src/hotspot/os/windows/os_windows.cpp:3624), pid=24548, tid=26576
#
# JRE version:  (11.0.14.1+1) (build )
# Java VM: OpenJDK 64-Bit Server VM (11.0.14.1+1-b2043.25, mixed mode, sharing, tiered, compressed oops, g1 gc, windows-amd64)
# No core dump will be written. Minidumps are not enabled by default on client versions of Windows
#

---------------  S U M M A R Y ------------

Command Line: git4idea.http.GitAskPassApp Username for 'https://git.jetbrains.space': 

Host: AMD Ryzen 5 4500U with Radeon Graphics         , 6 cores, 7G,  Windows 11 , 64 bit Build 22000 (10.0.22000.613)
Time: Fri May  6 18:24:31 2022 Paris, Madrid (heure d’été) elapsed time: 0.022872 seconds (0d 0h 0m 0s)

---------------  T H R E A D  ---------------

Current thread (0x000001d701c35800):  JavaThread "Unknown thread" [_thread_in_vm, id=26576, stack(0x0000007b04b00000,0x0000007b04c00000)]

Stack: [0x0000007b04b00000,0x0000007b04c00000]
Native frames: (J=compiled Java code, j=interpreted, Vv=VM code, C=native code)
V  [jvm.dll+0x61618a]
V  [jvm.dll+0x79c450]
V  [jvm.dll+0x79da6d]
V  [jvm.dll+0x79e143]
V  [jvm.dll+0x24c968]
V  [jvm.dll+0x6131f4]
V  [jvm.dll+0x607ef5]
V  [jvm.dll+0x30b35b]
V  [jvm.dll+0x30b2ca]
V  [jvm.dll+0x30b1a2]
V  [jvm.dll+0x3100f6]
V  [jvm.dll+0x35b7e3]
V  [jvm.dll+0x35bee6]
V  [jvm.dll+0x35b8e3]
V  [jvm.dll+0x2e5b68]
V  [jvm.dll+0x2e6d17]
V  [jvm.dll+0x779087]
V  [jvm.dll+0x77a87c]
V  [jvm.dll+0x368d99]
V  [jvm.dll+0x75c9de]
V  [jvm.dll+0x3d6d53]
V  [jvm.dll+0x3d92f1]
C  [jli.dll+0x536b]
C  [ucrtbase.dll+0x26c0c]
C  [KERNEL32.DLL+0x154e0]
C  [ntdll.dll+0x485b]


---------------  P R O C E S S  ---------------

Threads class SMR info:
_java_thread_list=0x000001d77f9949d0, length=0, elements={
}

Java Threads: ( => current thread )

Other Threads:
  0x000001d701c4d800 GCTaskThread "GC Thread#0" [stack: 0x0000007b04c00000,0x0000007b04d00000] [id=15824]
  0x000001d701c7a800 ConcurrentGCThread "G1 Main Marker" [stack: 0x0000007b04d00000,0x0000007b04e00000] [id=29688]
  0x000001d701c7b800 ConcurrentGCThread "G1 Conc#0" [stack: 0x0000007b04e00000,0x0000007b04f00000] [id=29432]

[error occurred during error reporting (printing all threads), id 0xc0000005, EXCEPTION_ACCESS_VIOLATION (0xc0000005) at pc=0x00007ffedca46177]

VM state:not at safepoint (not fully initialized)

VM Mutex/Monitor currently owned by a thread:  ([mutex/lock_event])
[0x000001d701c31600] Heap_lock - owner thread: 0x000001d701c35800

Heap address: 0x000000008a200000, size: 1886 MB, Compressed Oops mode: Non-zero based: 0x000000008a200000
Narrow klass base: 0x0000000000000000, Narrow klass shift: 0

GC Heap History (0 events):
No events

Deoptimization events (0 events):
No events

Classes redefined (0 events):
No events

Internal exceptions (0 events):
No events

Events (1 events):
Event: 0.014 Loaded shared library C:\Users\manue\AppData\Local\JetBrains\Toolbox\apps\PhpStorm\ch-0\221.5080.224\jbr\bin\zip.dll


Dynamic libraries:
0x00007ff66fcb0000 - 0x00007ff66fcba000 	C:\Users\manue\AppData\Local\JetBrains\Toolbox\apps\PhpStorm\ch-0\221.5080.224\jbr\bin\java.exe
0x00007fff52480000 - 0x00007fff52689000 	C:\WINDOWS\SYSTEM32\ntdll.dll
0x00007fff51c30000 - 0x00007fff51ced000 	C:\WINDOWS\System32\KERNEL32.DLL
0x00007fff4ffa0000 - 0x00007fff50314000 	C:\WINDOWS\System32\KERNELBASE.dll
0x00007fff4fe00000 - 0x00007fff4ff11000 	C:\WINDOWS\System32\ucrtbase.dll
0x00007fff18d70000 - 0x00007fff18d89000 	C:\Users\manue\AppData\Local\JetBrains\Toolbox\apps\PhpStorm\ch-0\221.5080.224\jbr\bin\jli.dll
0x00007fff18d90000 - 0x00007fff18da6000 	C:\Users\manue\AppData\Local\JetBrains\Toolbox\apps\PhpStorm\ch-0\221.5080.224\jbr\bin\VCRUNTIME140.dll
0x00007fff50c60000 - 0x00007fff50e0c000 	C:\WINDOWS\System32\USER32.dll
0x00007fff4fdd0000 - 0x00007fff4fdf6000 	C:\WINDOWS\System32\win32u.dll
0x00007fff50bc0000 - 0x00007fff50be9000 	C:\WINDOWS\System32\GDI32.dll
0x00007fff4fb80000 - 0x00007fff4fc92000 	C:\WINDOWS\System32\gdi32full.dll
0x00007fff4fae0000 - 0x00007fff4fb7d000 	C:\WINDOWS\System32\msvcp_win.dll
0x00007fff409d0000 - 0x00007fff40c75000 	C:\WINDOWS\WinSxS\amd64_microsoft.windows.common-controls_6595b64144ccf1df_6.0.22000.120_none_9d947278b86cc467\COMCTL32.dll
0x00007fff517f0000 - 0x00007fff51893000 	C:\WINDOWS\System32\msvcrt.dll
0x00007fff516d0000 - 0x00007fff51701000 	C:\WINDOWS\System32\IMM32.DLL
0x00007fff13100000 - 0x00007fff131aa000 	C:\Users\manue\AppData\Local\JetBrains\Toolbox\apps\PhpStorm\ch-0\221.5080.224\jbr\bin\msvcp140.dll
0x00007ffedc750000 - 0x00007ffedd2ca000 	C:\Users\manue\AppData\Local\JetBrains\Toolbox\apps\PhpStorm\ch-0\221.5080.224\jbr\bin\server\jvm.dll
0x00007fff50330000 - 0x00007fff503de000 	C:\WINDOWS\System32\ADVAPI32.dll
0x00007fff521d0000 - 0x00007fff5226e000 	C:\WINDOWS\System32\sechost.dll
0x00007fff51ab0000 - 0x00007fff51bd0000 	C:\WINDOWS\System32\RPCRT4.dll
0x00007fff50320000 - 0x00007fff50328000 	C:\WINDOWS\System32\PSAPI.DLL
0x00007fff46a20000 - 0x00007fff46a2a000 	C:\WINDOWS\SYSTEM32\VERSION.dll
0x00007fff47920000 - 0x00007fff47953000 	C:\WINDOWS\SYSTEM32\WINMM.dll
0x00007fff32290000 - 0x00007fff32299000 	C:\WINDOWS\SYSTEM32\WSOCK32.dll
0x00007fff51a40000 - 0x00007fff51aaf000 	C:\WINDOWS\System32\WS2_32.dll
0x00007fff4eae0000 - 0x00007fff4eaf8000 	C:\WINDOWS\SYSTEM32\kernel.appcore.dll
0x00007fff1f8a0000 - 0x00007fff1f8b1000 	C:\Users\manue\AppData\Local\JetBrains\Toolbox\apps\PhpStorm\ch-0\221.5080.224\jbr\bin\verify.dll
0x00007fff3d0d0000 - 0x00007fff3d2f1000 	C:\WINDOWS\SYSTEM32\DBGHELP.DLL
0x00007fff3cf00000 - 0x00007fff3cf31000 	C:\WINDOWS\SYSTEM32\dbgcore.DLL
0x00007fff4ff20000 - 0x00007fff4ff9f000 	C:\WINDOWS\System32\bcryptPrimitives.dll
0x00007fff1f5c0000 - 0x00007fff1f5e9000 	C:\Users\manue\AppData\Local\JetBrains\Toolbox\apps\PhpStorm\ch-0\221.5080.224\jbr\bin\java.dll
0x00007fff4b580000 - 0x00007fff4b58b000 	C:\Users\manue\AppData\Local\JetBrains\Toolbox\apps\PhpStorm\ch-0\221.5080.224\jbr\bin\jimage.dll
0x00007fff1dac0000 - 0x00007fff1dad9000 	C:\Users\manue\AppData\Local\JetBrains\Toolbox\apps\PhpStorm\ch-0\221.5080.224\jbr\bin\zip.dll

dbghelp: loaded successfully - version: 4.0.5 - missing functions: none
symbol engine: initialized successfully - sym options: 0x614 - pdb path: .;C:\Users\manue\AppData\Local\JetBrains\Toolbox\apps\PhpStorm\ch-0\221.5080.224\jbr\bin;C:\WINDOWS\SYSTEM32;C:\WINDOWS\WinSxS\amd64_microsoft.windows.common-controls_6595b64144ccf1df_6.0.22000.120_none_9d947278b86cc467;C:\Users\manue\AppData\Local\JetBrains\Toolbox\apps\PhpStorm\ch-0\221.5080.224\jbr\bin\server

VM Arguments:
java_command: git4idea.http.GitAskPassApp Username for 'https://git.jetbrains.space': 
java_class_path (initial): C:/Users/manue/AppData/Local/JetBrains/Toolbox/apps/PhpStorm/ch-0/221.5080.224/plugins/git4idea/lib/git4idea-rt.jar;C:/Users/manue/AppData/Local/JetBrains/Toolbox/apps/PhpStorm/ch-0/221.5080.224/lib/externalProcess-rt.jar;C:/Users/manue/AppData/Local/JetBrains/Toolbox/apps/PhpStorm/ch-0/221.5080.224/lib/app.jar;C:/Users/manue/AppData/Local/JetBrains/Toolbox/apps/PhpStorm/ch-0/221.5080.224/lib/3rd-party-rt.jar
Launcher Type: SUN_STANDARD

[Global flags]
     intx CICompilerCount                          = 3                                         {product} {ergonomic}
     uint ConcGCThreads                            = 2                                         {product} {ergonomic}
     uint G1ConcRefinementThreads                  = 6                                         {product} {ergonomic}
   size_t G1HeapRegionSize                         = 1048576                                   {product} {ergonomic}
    uintx GCDrainStackTargetSize                   = 64                                        {product} {ergonomic}
   size_t InitialHeapSize                          = 123731968                                 {product} {ergonomic}
   size_t MarkStackSize                            = 4194304                                   {product} {ergonomic}
   size_t MaxHeapSize                              = 1977614336                                {product} {ergonomic}
   size_t MinHeapDeltaBytes                        = 1048576                                   {product} {ergonomic}
    uintx NonNMethodCodeHeapSize                   = 5830732                                {pd product} {ergonomic}
    uintx NonProfiledCodeHeapSize                  = 122913754                              {pd product} {ergonomic}
    uintx ProfiledCodeHeapSize                     = 122913754                              {pd product} {ergonomic}
    uintx ReservedCodeCacheSize                    = 251658240                              {pd product} {ergonomic}
     bool SegmentedCodeCache                       = true                                      {product} {ergonomic}
     bool UseCompressedClassPointers               = true                                 {lp64_product} {ergonomic}
     bool UseCompressedOops                        = true                                 {lp64_product} {ergonomic}
     bool UseG1GC                                  = true                                      {product} {ergonomic}
     bool UseLargePagesIndividualAllocation        = false                                  {pd product} {ergonomic}

Logging:
Log output configuration:
 #0: stdout all=warning uptime,level,tags
 #1: stderr all=off uptime,level,tags

Environment Variables:
JAVA_HOME=C:\Program Files\Java\jdk-17_2
PATH=C:\Program Files\Git\mingw64\libexec\git-core;C:\Program Files\Git\mingw64\libexec\git-core;C:\Program Files\Git\mingw64\bin;C:\Program Files\Git\usr\bin;C:\Users\manue\bin;C:\Program Files\Python311\Scripts;C:\Program Files\Python311;C:\Program Files\Common Files\Oracle\Java\javapath;C:\Program Files (x86)\Common Files\Oracle\Java\javapath;C:\Program Files\NVIDIA GPU Computing Toolkit\CUDA\v11.5\bin;C:\Program Files\NVIDIA GPU Computing Toolkit\CUDA\v11.5\libnvvp;C:\Program Files\Java\jdk-17;C:\Program Files\NVIDIA GPU Computing Toolkit\CUDA\v11.4\bin;C:\Program Files\NVIDIA GPU Computing Toolkit\CUDA\v11.4\libnvvp;C:\windows\system32;C:\windows;C:\windows\System32\Wbem;C:\windows\System32\WindowsPowerShell\v1.0;C:\windows\System32\OpenSSH;C:\Program Files (x86)\GnuPG\bin;C:\Program Files\TortoiseGit\bin;C:\Program Files\Git\cmd;C:\Program Files\Microsoft VS Code\bin;C:\Program Files\Microsoft SQL Server\130\Tools\Binn;C:\Program Files\dotnet;C:\Program Files\Microsoft SQL Server\Client SDK\ODBC\170\Tools\Binn;C:\Program Files\Java\jdk1.8.0_291;C:\Program Files (x86)\NVIDIA Corporation\PhysX\Common;C:\WINDOWS\system32;C:\WINDOWS;C:\WINDOWS\System32\Wbem;C:\WINDOWS\System32\WindowsPowerShell\v1.0;C:\WINDOWS\System32\OpenSSH;C:\Program Files (x86)\dotnet;C:\Program Files\NVIDIA Corporation\Nsight Compute 2021.3.1;C:\Program Files\Docker\Docker\resources\bin;C:\ProgramData\DockerDesktop\version-bin;C:\Program Files\PowerShell\7;C:\Program Files\MySQL\MySQL Shell 8.0\bin;C:\Users\manue\AppData\Local\Programs\Python\Python310\Scripts;C:\Users\manue\AppData\Local\Programs\Python\Python310;C:\Program Files\Java\jdk-17;C:\Users\manue\AppData\Local\Microsoft\WindowsApps;C:\Program Files\NVIDIA GPU Computing Toolkit\CUDA\v11.5\bin;C:\Program Files\NVIDIA GPU Computing Toolkit\CUDA\v11.5\lib\x64;C:\Program Files\JetBrains\Rider for Unreal Engine 2021.3.1\bin
USERNAME=manue
DISPLAY=:0.0
LC_ALL=en_US.UTF-8
OS=Windows_NT
PROCESSOR_IDENTIFIER=AMD64 Family 23 Model 96 Stepping 1, AuthenticAMD



---------------  S Y S T E M  ---------------

OS: Windows 11 , 64 bit Build 22000 (10.0.22000.613)
OS uptime: 11 days 8:54 hours
Hyper-V role detected

CPU:total 6 (initial active 6) (6 cores per cpu, 1 threads per core) family 23 model 96 stepping 1 microcode 0x0, cmov, cx8, fxsr, mmx, sse, sse2, sse3, ssse3, sse4.1, sse4.2, popcnt, avx, avx2, aes, clmul, mmxext, 3dnowpref, lzcnt, sse4a, tsc, tscinvbit, tscinv, bmi1, bmi2, adx, sha, fma

Memory: 4k page, system-wide physical 7541M (456M free)
TotalPageFile size 31093M (AvailPageFile size 122M)
current process WorkingSet (physical memory assigned to process): 9M, peak: 9M
current process commit charge ("private bytes"): 55M, peak: 173M

vm_info: OpenJDK 64-Bit Server VM (11.0.14.1+1-b2043.25) for windows-amd64 JRE (11.0.14.1+1-b2043.25), built on Mar 30 2022 06:22:56 by "" with MS VC++ 14.0 (VS2015)

END.
